{
  "0 debug pnpm:scope": {
    "selected": 1,
    "workspacePrefix": "/Users/stordahl/code/personal/dev"
  },
  "1 debug pnpm:package-manifest": {
    "initial": {},
    "prefix": "/Users/stordahl/Library/pnpm/store/v3/tmp/dlx-8164"
  },
  "2 debug pnpm:context": {
    "currentLockfileExists": false,
    "storeDir": "/Users/stordahl/Library/pnpm/store/v3",
    "virtualStoreDir": "/Users/stordahl/Library/pnpm/store/v3/tmp/dlx-8164/node_modules/.pnpm"
  },
  "3 debug pnpm:stage": {
    "prefix": "/Users/stordahl/Library/pnpm/store/v3/tmp/dlx-8164",
    "stage": "resolution_started"
  },
  "4 debug pnpm:_dependency_resolved": {
    "resolution": "registry.npmjs.org/create-svelte/2.0.0-next.188",
    "wanted": {
      "dependentId": ".",
      "name": "create-svelte",
      "rawSpec": "next"
    }
  },
  "5 debug pnpm:progress": {
    "packageId": "registry.npmjs.org/create-svelte/2.0.0-next.188",
    "requester": "/Users/stordahl/Library/pnpm/store/v3/tmp/dlx-8164",
    "status": "resolved"
  },
  "6 debug pnpm:_dependency_resolved": {
    "resolution": "registry.npmjs.org/kleur/4.1.5",
    "wanted": {
      "dependentId": "/create-svelte/2.0.0-next.188",
      "name": "kleur",
      "rawSpec": "^4.1.4"
    }
  },
  "7 debug pnpm:progress": {
    "packageId": "registry.npmjs.org/kleur/4.1.5",
    "requester": "/Users/stordahl/Library/pnpm/store/v3/tmp/dlx-8164",
    "status": "resolved"
  },
  "8 debug pnpm:progress": {
    "packageId": "registry.npmjs.org/kleur/4.1.5",
    "requester": "/Users/stordahl/Library/pnpm/store/v3/tmp/dlx-8164",
    "status": "found_in_store"
  },
  "9 debug pnpm:_dependency_resolved": {
    "resolution": "registry.npmjs.org/prompts/2.4.2",
    "wanted": {
      "dependentId": "/create-svelte/2.0.0-next.188",
      "name": "prompts",
      "rawSpec": "^2.4.2"
    }
  },
  "10 debug pnpm:progress": {
    "packageId": "registry.npmjs.org/prompts/2.4.2",
    "requester": "/Users/stordahl/Library/pnpm/store/v3/tmp/dlx-8164",
    "status": "resolved"
  },
  "11 debug pnpm:_dependency_resolved": {
    "resolution": "registry.npmjs.org/kleur/3.0.3",
    "wanted": {
      "dependentId": "/prompts/2.4.2",
      "name": "kleur",
      "rawSpec": "^3.0.3"
    }
  },
  "12 debug pnpm:progress": {
    "packageId": "registry.npmjs.org/kleur/3.0.3",
    "requester": "/Users/stordahl/Library/pnpm/store/v3/tmp/dlx-8164",
    "status": "resolved"
  },
  "13 debug pnpm:fetching-progress": {
    "attempt": 1,
    "packageId": "registry.npmjs.org/create-svelte/2.0.0-next.188",
    "size": 613403,
    "status": "started"
  },
  "14 debug pnpm:progress": {
    "packageId": "registry.npmjs.org/prompts/2.4.2",
    "requester": "/Users/stordahl/Library/pnpm/store/v3/tmp/dlx-8164",
    "status": "found_in_store"
  },
  "15 debug pnpm:progress": {
    "packageId": "registry.npmjs.org/kleur/3.0.3",
    "requester": "/Users/stordahl/Library/pnpm/store/v3/tmp/dlx-8164",
    "status": "found_in_store"
  },
  "16 debug pnpm:_dependency_resolved": {
    "resolution": "registry.npmjs.org/sisteransi/1.0.5",
    "wanted": {
      "dependentId": "/prompts/2.4.2",
      "name": "sisteransi",
      "rawSpec": "^1.0.5"
    }
  },
  "17 debug pnpm:progress": {
    "packageId": "registry.npmjs.org/sisteransi/1.0.5",
    "requester": "/Users/stordahl/Library/pnpm/store/v3/tmp/dlx-8164",
    "status": "resolved"
  },
  "18 debug pnpm:package-manifest": {
    "prefix": "/Users/stordahl/Library/pnpm/store/v3/tmp/dlx-8164",
    "updated": {
      "dependencies": {
        "create-svelte": "2.0.0-next.188"
      }
    }
  },
  "19 debug pnpm:package-manifest": {
    "prefix": "/Users/stordahl/Library/pnpm/store/v3/tmp/dlx-8164",
    "updated": {
      "dependencies": {
        "create-svelte": "2.0.0-next.188"
      }
    }
  },
  "20 debug pnpm:stage": {
    "prefix": "/Users/stordahl/Library/pnpm/store/v3/tmp/dlx-8164",
    "stage": "resolution_done"
  },
  "21 debug pnpm:stats": {
    "prefix": "/Users/stordahl/Library/pnpm/store/v3/tmp/dlx-8164",
    "removed": 0
  },
  "22 debug pnpm:stage": {
    "prefix": "/Users/stordahl/Library/pnpm/store/v3/tmp/dlx-8164",
    "stage": "importing_started"
  },
  "23 debug pnpm:stats": {
    "added": 5,
    "prefix": "/Users/stordahl/Library/pnpm/store/v3/tmp/dlx-8164"
  },
  "24 debug pnpm:link": {
    "target": "/Users/stordahl/Library/pnpm/store/v3/tmp/dlx-8164/node_modules/.pnpm/kleur@4.1.5/node_modules/kleur",
    "link": "/Users/stordahl/Library/pnpm/store/v3/tmp/dlx-8164/node_modules/.pnpm/create-svelte@2.0.0-next.188/node_modules/kleur"
  },
  "25 debug pnpm:link": {
    "target": "/Users/stordahl/Library/pnpm/store/v3/tmp/dlx-8164/node_modules/.pnpm/prompts@2.4.2/node_modules/prompts",
    "link": "/Users/stordahl/Library/pnpm/store/v3/tmp/dlx-8164/node_modules/.pnpm/create-svelte@2.0.0-next.188/node_modules/prompts"
  },
  "26 debug pnpm:link": {
    "target": "/Users/stordahl/Library/pnpm/store/v3/tmp/dlx-8164/node_modules/.pnpm/kleur@3.0.3/node_modules/kleur",
    "link": "/Users/stordahl/Library/pnpm/store/v3/tmp/dlx-8164/node_modules/.pnpm/prompts@2.4.2/node_modules/kleur"
  },
  "27 debug pnpm:link": {
    "target": "/Users/stordahl/Library/pnpm/store/v3/tmp/dlx-8164/node_modules/.pnpm/sisteransi@1.0.5/node_modules/sisteransi",
    "link": "/Users/stordahl/Library/pnpm/store/v3/tmp/dlx-8164/node_modules/.pnpm/prompts@2.4.2/node_modules/sisteransi"
  },
  "28 debug pnpm:progress": {
    "packageId": "registry.npmjs.org/sisteransi/1.0.5",
    "requester": "/Users/stordahl/Library/pnpm/store/v3/tmp/dlx-8164",
    "status": "found_in_store"
  },
  "29 debug pnpm:package-import-method": {
    "method": "hardlink"
  },
  "30 debug pnpm:progress": {
    "method": "hardlink",
    "requester": "/Users/stordahl/Library/pnpm/store/v3/tmp/dlx-8164",
    "status": "imported",
    "to": "/Users/stordahl/Library/pnpm/store/v3/tmp/dlx-8164/node_modules/.pnpm/kleur@4.1.5/node_modules/kleur"
  },
  "31 debug pnpm:package-import-method": {
    "method": "hardlink"
  },
  "32 debug pnpm:progress": {
    "method": "hardlink",
    "requester": "/Users/stordahl/Library/pnpm/store/v3/tmp/dlx-8164",
    "status": "imported",
    "to": "/Users/stordahl/Library/pnpm/store/v3/tmp/dlx-8164/node_modules/.pnpm/kleur@3.0.3/node_modules/kleur"
  },
  "33 debug pnpm:package-import-method": {
    "method": "hardlink"
  },
  "34 debug pnpm:progress": {
    "method": "hardlink",
    "requester": "/Users/stordahl/Library/pnpm/store/v3/tmp/dlx-8164",
    "status": "imported",
    "to": "/Users/stordahl/Library/pnpm/store/v3/tmp/dlx-8164/node_modules/.pnpm/sisteransi@1.0.5/node_modules/sisteransi"
  },
  "35 debug pnpm:package-import-method": {
    "method": "hardlink"
  },
  "36 debug pnpm:progress": {
    "method": "hardlink",
    "requester": "/Users/stordahl/Library/pnpm/store/v3/tmp/dlx-8164",
    "status": "imported",
    "to": "/Users/stordahl/Library/pnpm/store/v3/tmp/dlx-8164/node_modules/.pnpm/prompts@2.4.2/node_modules/prompts"
  },
  "37 debug pnpm:progress": {
    "packageId": "registry.npmjs.org/create-svelte/2.0.0-next.188",
    "requester": "/Users/stordahl/Library/pnpm/store/v3/tmp/dlx-8164",
    "status": "fetched"
  },
  "38 debug pnpm:progress": {
    "method": "hardlink",
    "requester": "/Users/stordahl/Library/pnpm/store/v3/tmp/dlx-8164",
    "status": "imported",
    "to": "/Users/stordahl/Library/pnpm/store/v3/tmp/dlx-8164/node_modules/.pnpm/create-svelte@2.0.0-next.188/node_modules/create-svelte"
  },
  "39 debug pnpm:stage": {
    "prefix": "/Users/stordahl/Library/pnpm/store/v3/tmp/dlx-8164",
    "stage": "importing_done"
  },
  "40 debug pnpm:link": {
    "target": "/Users/stordahl/Library/pnpm/store/v3/tmp/dlx-8164/node_modules/.pnpm/create-svelte@2.0.0-next.188/node_modules/create-svelte",
    "link": "/Users/stordahl/Library/pnpm/store/v3/tmp/dlx-8164/node_modules/create-svelte"
  },
  "41 debug pnpm:root": {
    "added": {
      "dependencyType": "prod",
      "id": "registry.npmjs.org/create-svelte/2.0.0-next.188",
      "name": "create-svelte",
      "realName": "create-svelte",
      "version": "2.0.0-next.188"
    },
    "prefix": "/Users/stordahl/Library/pnpm/store/v3/tmp/dlx-8164"
  },
  "42 debug pnpm:link": {
    "target": "/Users/stordahl/Library/pnpm/store/v3/tmp/dlx-8164/node_modules/.pnpm/kleur@4.1.5/node_modules/kleur",
    "link": "/Users/stordahl/Library/pnpm/store/v3/tmp/dlx-8164/node_modules/.pnpm/node_modules/kleur"
  },
  "43 debug pnpm:link": {
    "target": "/Users/stordahl/Library/pnpm/store/v3/tmp/dlx-8164/node_modules/.pnpm/prompts@2.4.2/node_modules/prompts",
    "link": "/Users/stordahl/Library/pnpm/store/v3/tmp/dlx-8164/node_modules/.pnpm/node_modules/prompts"
  },
  "44 debug pnpm:link": {
    "target": "/Users/stordahl/Library/pnpm/store/v3/tmp/dlx-8164/node_modules/.pnpm/sisteransi@1.0.5/node_modules/sisteransi",
    "link": "/Users/stordahl/Library/pnpm/store/v3/tmp/dlx-8164/node_modules/.pnpm/node_modules/sisteransi"
  },
  "45 debug pnpm:summary": {
    "prefix": "/Users/stordahl/Library/pnpm/store/v3/tmp/dlx-8164"
  },
  "46 error pnpm": {
    "shortMessage": "Command failed with exit code 1: /Users/stordahl/Library/pnpm/store/v3/tmp/dlx-8164/node_modules/.bin/create-svelte",
    "command": "/Users/stordahl/Library/pnpm/store/v3/tmp/dlx-8164/node_modules/.bin/create-svelte",
    "escapedCommand": "\"/Users/stordahl/Library/pnpm/store/v3/tmp/dlx-8164/node_modules/.bin/create-svelte\"",
    "exitCode": 1,
    "failed": true,
    "timedOut": false,
    "isCanceled": false,
    "killed": false,
    "err": {
      "name": "pnpm",
      "message": "Command failed with exit code 1: /Users/stordahl/Library/pnpm/store/v3/tmp/dlx-8164/node_modules/.bin/create-svelte",
      "stack": "pnpm: Command failed with exit code 1: /Users/stordahl/Library/pnpm/store/v3/tmp/dlx-8164/node_modules/.bin/create-svelte\n    at makeError (/usr/local/Cellar/pnpm/7.2.1/libexec/lib/node_modules/pnpm/dist/pnpm.cjs:42676:17)\n    at handlePromise (/usr/local/Cellar/pnpm/7.2.1/libexec/lib/node_modules/pnpm/dist/pnpm.cjs:43247:33)\n    at process.processTicksAndRejections (node:internal/process/task_queues:95:5)\n    at async Object.handler (/usr/local/Cellar/pnpm/7.2.1/libexec/lib/node_modules/pnpm/dist/pnpm.cjs:178176:7)\n    at async /usr/local/Cellar/pnpm/7.2.1/libexec/lib/node_modules/pnpm/dist/pnpm.cjs:186810:21\n    at async run (/usr/local/Cellar/pnpm/7.2.1/libexec/lib/node_modules/pnpm/dist/pnpm.cjs:186784:34)\n    at async runPnpm (/usr/local/Cellar/pnpm/7.2.1/libexec/lib/node_modules/pnpm/dist/pnpm.cjs:187002:5)\n    at async /usr/local/Cellar/pnpm/7.2.1/libexec/lib/node_modules/pnpm/dist/pnpm.cjs:186994:7"
    }
  }
}